<?xml version="1.0" encoding="UTF-8"?>
<testng-results ignored="0" total="2" passed="2" failed="0" skipped="0">
  <reporter-output>
  </reporter-output>
  <suite started-at="2020-04-23T19:45:23 CDT" name="Suite" finished-at="2020-04-23T19:45:23 CDT" duration-ms="25">
    <groups>
    </groups>
    <test started-at="2020-04-23T19:45:23 CDT" name="Test" finished-at="2020-04-23T19:45:23 CDT" duration-ms="25">
      <class name="qaclickacademy.AppiumTest">
        <test-method signature="IOSapps()[pri:0, instance:qaclickacademy.AppiumTest@2ed0fbae]" started-at="2020-04-23T19:45:23 CDT" name="IOSapps" finished-at="2020-04-23T19:45:23 CDT" duration-ms="2" status="PASS">
          <reporter-output>
          </reporter-output>
        </test-method> <!-- IOSapps -->
        <test-method signature="NativeAppAndroid()[pri:0, instance:qaclickacademy.AppiumTest@2ed0fbae]" started-at="2020-04-23T19:45:23 CDT" name="NativeAppAndroid" finished-at="2020-04-23T19:45:23 CDT" duration-ms="1" status="PASS">
          <reporter-output>
          </reporter-output>
        </test-method> <!-- NativeAppAndroid -->
      </class> <!-- qaclickacademy.AppiumTest -->
    </test> <!-- Test -->
  </suite> <!-- Suite -->
</testng-results>
